<?xml version="1.0" encoding="UTF-8"?>
<!-- Generated by org.testng.reporters.JUnitReportReporter -->
<testsuite hostname="PREM-OPTIMUS" failures="0" tests="1" name="pack.RadioButton1" time="3.197" errors="0" timestamp="01 Jun 2022 07:00:16 GMT" skipped="0">
  <testcase classname="pack.RadioButton1" name="radioButtonTest" time="3.197"/>
</testsuite> <!-- pack.RadioButton1 -->
