<?xml version="1.0" encoding="UTF-8"?>
<!-- Generated by org.testng.reporters.JUnitReportReporter -->
<testsuite hostname="PREM-OPTIMUS" failures="0" tests="1" name="pack.NewTest" time="0.007" errors="0" timestamp="25 May 2022 07:47:44 GMT" skipped="0">
  <testcase classname="pack.NewTest" name="f" time="0.007"/>
</testsuite> <!-- pack.NewTest -->
