<?xml version="1.0" encoding="UTF-8"?>
<!-- Generated by org.testng.reporters.JUnitReportReporter -->
<testsuite hostname="PREM-OPTIMUS" failures="0" tests="3" name="suiteParallel.NewTest" time="0.033" errors="0" timestamp="01 Jun 2022 06:11:35 GMT" skipped="0">
  <testcase classname="suiteParallel.NewTest" name="test3" time="0.001"/>
  <testcase classname="suiteParallel.NewTest" name="test1" time="0.016"/>
  <testcase classname="suiteParallel.NewTest" name="test2" time="0.016"/>
</testsuite> <!-- suiteParallel.NewTest -->
