<?xml version="1.0" encoding="UTF-8"?>
<!-- Generated by org.testng.reporters.JUnitReportReporter -->
<testsuite hostname="PREM-OPTIMUS" failures="0" tests="6" name="actions.MouseOperations" time="6.451" errors="0" timestamp="09 Jun 2022 04:43:43 GMT" skipped="5">
  <testcase classname="actions.MouseOperations" name="autosuggestion" time="6.451"/>
  <testcase classname="actions.MouseOperations" name="browserSlider">
    <skipped/>
  </testcase> <!-- browserSlider -->
  <testcase classname="actions.MouseOperations" name="dragDrop">
    <skipped/>
  </testcase> <!-- dragDrop -->
  <testcase classname="actions.MouseOperations" name="slider">
    <skipped/>
  </testcase> <!-- slider -->
  <testcase classname="actions.MouseOperations" name="rightClick">
    <skipped/>
  </testcase> <!-- rightClick -->
  <testcase classname="actions.MouseOperations" name="moveToElement">
    <skipped/>
  </testcase> <!-- moveToElement -->
</testsuite> <!-- actions.MouseOperations -->
