<?xml version="1.0" encoding="UTF-8"?>
<!-- Generated by org.testng.reporters.JUnitReportReporter -->
<testsuite hostname="PREM-OPTIMUS" failures="0" tests="1" name="suiteA.TestA2" time="4.015" errors="0" timestamp="01 Jun 2022 06:11:17 GMT" skipped="0">
  <testcase classname="suiteA.TestA2" name="f" time="4.015"/>
</testsuite> <!-- suiteA.TestA2 -->
