<?xml version="1.0" encoding="UTF-8"?>
<!-- Generated by org.testng.reporters.JUnitReportReporter -->
<testsuite hostname="PREM-OPTIMUS" failures="0" tests="1" name="suiteA.TestA3" time="4.014" errors="0" timestamp="01 Jun 2022 06:11:17 GMT" skipped="0">
  <testcase classname="suiteA.TestA3" name="f" time="4.014"/>
</testsuite> <!-- suiteA.TestA3 -->
