<?xml version="1.0" encoding="UTF-8"?>
<!-- Generated by org.testng.reporters.JUnitReportReporter -->
<testsuite hostname="PREM-OPTIMUS" failures="0" tests="1" name="pack.LinksTesting1" time="3.061" errors="0" timestamp="01 Jun 2022 07:00:16 GMT" skipped="0">
  <testcase classname="pack.LinksTesting1" name="linktesting1" time="3.061"/>
</testsuite> <!-- pack.LinksTesting1 -->
