<?xml version="1.0" encoding="UTF-8"?>
<!-- Generated by org.testng.reporters.JUnitReportReporter -->
<testsuite hostname="PREM-OPTIMUS" failures="0" tests="1" name="pack.CheckBox1" time="11.131" errors="0" timestamp="09 Jun 2022 15:43:37 GMT" skipped="0">
  <testcase classname="pack.CheckBox1" name="checkboxTest" time="11.131"/>
</testsuite> <!-- pack.CheckBox1 -->
