<?xml version="1.0" encoding="UTF-8"?>
<!-- Generated by org.testng.reporters.JUnitReportReporter -->
<testsuite hostname="PREM-OPTIMUS" failures="0" tests="1" name="pack.NewTest1" time="0.016" errors="0" timestamp="31 May 2022 05:56:28 GMT" skipped="0">
  <testcase classname="pack.NewTest1" name="f" time="0.016"/>
</testsuite> <!-- pack.NewTest1 -->
