<?xml version="1.0" encoding="UTF-8"?>
<!-- Generated by org.testng.reporters.JUnitReportReporter -->
<testsuite hostname="PREM-OPTIMUS" failures="0" tests="1" name="suiteA.TestA1" time="4.007" errors="0" timestamp="01 Jun 2022 06:11:17 GMT" skipped="0">
  <testcase classname="suiteA.TestA1" name="f" time="4.007"/>
</testsuite> <!-- suiteA.TestA1 -->
