<?xml version="1.0" encoding="UTF-8"?>
<!-- Generated by org.testng.reporters.JUnitReportReporter -->
<testsuite hostname="PREM-OPTIMUS" failures="0" tests="2" name="excelDataDriven.DataProviderDemo" time="0.023" errors="0" timestamp="07 Jun 2022 07:03:06 GMT" skipped="0">
  <testcase classname="excelDataDriven.DataProviderDemo" name="f" time="0.004"/>
  <testcase classname="excelDataDriven.DataProviderDemo" name="f" time="0.019"/>
</testsuite> <!-- excelDataDriven.DataProviderDemo -->
