<?xml version="1.0" encoding="UTF-8"?>
<!-- Generated by org.testng.reporters.JUnitReportReporter -->
<testsuite hostname="PREM-OPTIMUS" failures="0" tests="4" name="pack.TestDependency" time="0.008" errors="0" timestamp="01 Jun 2022 07:44:46 GMT" skipped="2">
  <testcase classname="pack.TestDependency" name="orange" time="0.006"/>
  <testcase classname="pack.TestDependency" name="white" time="0.001"/>
  <testcase classname="pack.TestDependency" name="blue" time="0.001">
    <skipped/>
  </testcase> <!-- blue -->
  <testcase classname="pack.TestDependency" name="green" time="0.000">
    <skipped/>
  </testcase> <!-- green -->
</testsuite> <!-- pack.TestDependency -->
