<?xml version="1.0" encoding="UTF-8"?>
<!-- Generated by org.testng.reporters.JUnitReportReporter -->
<testsuite hostname="PREM-OPTIMUS" failures="0" tests="1" name="suiteB.TestB2" time="4.020" errors="0" timestamp="01 Jun 2022 06:11:17 GMT" skipped="0">
  <testcase classname="suiteB.TestB2" name="f" time="4.020"/>
</testsuite> <!-- suiteB.TestB2 -->
