<?xml version="1.0" encoding="UTF-8"?>
<!-- Generated by org.testng.reporters.JUnitReportReporter -->
<testsuite hostname="PREM-OPTIMUS" failures="0" tests="3" name="pack.NewTest2" time="0.007" errors="0" timestamp="31 May 2022 05:56:52 GMT" skipped="1">
  <testcase classname="pack.NewTest2" name="f" time="0.005"/>
  <testcase classname="pack.NewTest2" name="a" time="0.002"/>
  <testcase classname="pack.NewTest2" name="z">
    <skipped/>
  </testcase> <!-- z -->
</testsuite> <!-- pack.NewTest2 -->
